<?xml version="1.0" encoding="UTF-8"?>
<testng-results skipped="0" failed="1" ignored="0" total="5" passed="4">
  <reporter-output>
  </reporter-output>
  <suite name="Default suite" duration-ms="23109" started-at="2021-08-21T20:44:32 IST" finished-at="2021-08-21T20:44:55 IST">
    <groups>
    </groups>
    <test name="Default test" duration-ms="23109" started-at="2021-08-21T20:44:32 IST" finished-at="2021-08-21T20:44:55 IST">
      <class name="com.thirtybees.tests.FooterPageTest">
        <test-method status="PASS" signature="setUp()[pri:0, instance:com.thirtybees.tests.FooterPageTest@77e9807f]" name="setUp" is-config="true" duration-ms="5323" started-at="2021-08-21T20:44:32 IST" finished-at="2021-08-21T20:44:37 IST">
          <reporter-output>
          </reporter-output>
        </test-method> <!-- setUp -->
        <test-method status="FAIL" signature="validEmailIdIntoNewsLetter()[pri:0, instance:com.thirtybees.tests.FooterPageTest@77e9807f]" name="validEmailIdIntoNewsLetter" duration-ms="1618" started-at="2021-08-21T20:44:37 IST" finished-at="2021-08-21T20:44:39 IST">
          <exception class="java.lang.AssertionError">
            <message>
              <![CDATA[expected [Newsletter : This email address is already registered.] but found [true]]]>
            </message>
            <full-stacktrace>
              <![CDATA[java.lang.AssertionError: expected [Newsletter : This email address is already registered.] but found [true]
at org.testng.Assert.fail(Assert.java:99)
at org.testng.Assert.failNotEquals(Assert.java:1037)
at org.testng.Assert.assertEqualsImpl(Assert.java:140)
at org.testng.Assert.assertEquals(Assert.java:122)
at org.testng.Assert.assertEquals(Assert.java:617)
at com.thirtybees.tests.FooterPageTest.validEmailIdIntoNewsLetter(FooterPageTest.java:39)
at sun.reflect.NativeMethodAccessorImpl.invoke0(Native Method)
at sun.reflect.NativeMethodAccessorImpl.invoke(NativeMethodAccessorImpl.java:62)
at sun.reflect.DelegatingMethodAccessorImpl.invoke(DelegatingMethodAccessorImpl.java:43)
at java.lang.reflect.Method.invoke(Method.java:498)
at org.testng.internal.MethodInvocationHelper.invokeMethod(MethodInvocationHelper.java:133)
at org.testng.internal.TestInvoker.invokeMethod(TestInvoker.java:598)
at org.testng.internal.TestInvoker.invokeTestMethod(TestInvoker.java:173)
at org.testng.internal.MethodRunner.runInSequence(MethodRunner.java:46)
at org.testng.internal.TestInvoker$MethodInvocationAgent.invoke(TestInvoker.java:824)
at org.testng.internal.TestInvoker.invokeTestMethods(TestInvoker.java:146)
at org.testng.internal.TestMethodWorker.invokeTestMethods(TestMethodWorker.java:146)
at org.testng.internal.TestMethodWorker.run(TestMethodWorker.java:128)
at java.util.ArrayList.forEach(ArrayList.java:1249)
at org.testng.TestRunner.privateRun(TestRunner.java:794)
at org.testng.TestRunner.run(TestRunner.java:596)
at org.testng.SuiteRunner.runTest(SuiteRunner.java:377)
at org.testng.SuiteRunner.runSequentially(SuiteRunner.java:371)
at org.testng.SuiteRunner.privateRun(SuiteRunner.java:332)
at org.testng.SuiteRunner.run(SuiteRunner.java:276)
at org.testng.SuiteRunnerWorker.runSuite(SuiteRunnerWorker.java:53)
at org.testng.SuiteRunnerWorker.run(SuiteRunnerWorker.java:96)
at org.testng.TestNG.runSuitesSequentially(TestNG.java:1212)
at org.testng.TestNG.runSuitesLocally(TestNG.java:1134)
at org.testng.TestNG.runSuites(TestNG.java:1063)
at org.testng.TestNG.run(TestNG.java:1031)
at org.testng.remote.AbstractRemoteTestNG.run(AbstractRemoteTestNG.java:115)
at org.testng.remote.RemoteTestNG.initAndRun(RemoteTestNG.java:251)
at org.testng.remote.RemoteTestNG.main(RemoteTestNG.java:77)
]]>
            </full-stacktrace>
          </exception> <!-- java.lang.AssertionError -->
          <reporter-output>
          </reporter-output>
        </test-method> <!-- validEmailIdIntoNewsLetter -->
        <test-method status="PASS" signature="closeSetup()[pri:0, instance:com.thirtybees.tests.FooterPageTest@77e9807f]" name="closeSetup" is-config="true" duration-ms="111" started-at="2021-08-21T20:44:39 IST" finished-at="2021-08-21T20:44:39 IST">
          <reporter-output>
          </reporter-output>
        </test-method> <!-- closeSetup -->
        <test-method status="PASS" signature="setUp()[pri:0, instance:com.thirtybees.tests.FooterPageTest@77e9807f]" name="setUp" is-config="true" duration-ms="4082" started-at="2021-08-21T20:44:39 IST" finished-at="2021-08-21T20:44:43 IST">
          <reporter-output>
          </reporter-output>
        </test-method> <!-- setUp -->
        <test-method status="PASS" signature="verifyLogo()[pri:0, instance:com.thirtybees.tests.FooterPageTest@77e9807f]" name="verifyLogo" duration-ms="114" started-at="2021-08-21T20:44:43 IST" finished-at="2021-08-21T20:44:43 IST">
          <reporter-output>
          </reporter-output>
        </test-method> <!-- verifyLogo -->
        <test-method status="PASS" signature="closeSetup()[pri:0, instance:com.thirtybees.tests.FooterPageTest@77e9807f]" name="closeSetup" is-config="true" duration-ms="149" started-at="2021-08-21T20:44:43 IST" finished-at="2021-08-21T20:44:43 IST">
          <reporter-output>
          </reporter-output>
        </test-method> <!-- closeSetup -->
        <test-method status="PASS" signature="setUp()[pri:0, instance:com.thirtybees.tests.FooterPageTest@77e9807f]" name="setUp" is-config="true" duration-ms="3467" started-at="2021-08-21T20:44:43 IST" finished-at="2021-08-21T20:44:47 IST">
          <reporter-output>
          </reporter-output>
        </test-method> <!-- setUp -->
        <test-method status="PASS" signature="verifySpeacials()[pri:0, instance:com.thirtybees.tests.FooterPageTest@77e9807f]" name="verifySpeacials" duration-ms="1034" started-at="2021-08-21T20:44:47 IST" finished-at="2021-08-21T20:44:48 IST">
          <reporter-output>
          </reporter-output>
        </test-method> <!-- verifySpeacials -->
        <test-method status="PASS" signature="closeSetup()[pri:0, instance:com.thirtybees.tests.FooterPageTest@77e9807f]" name="closeSetup" is-config="true" duration-ms="130" started-at="2021-08-21T20:44:48 IST" finished-at="2021-08-21T20:44:48 IST">
          <reporter-output>
          </reporter-output>
        </test-method> <!-- closeSetup -->
        <test-method status="PASS" signature="setUp()[pri:0, instance:com.thirtybees.tests.FooterPageTest@77e9807f]" name="setUp" is-config="true" duration-ms="3294" started-at="2021-08-21T20:44:48 IST" finished-at="2021-08-21T20:44:51 IST">
          <reporter-output>
          </reporter-output>
        </test-method> <!-- setUp -->
        <test-method status="PASS" signature="verifySubTitle()[pri:0, instance:com.thirtybees.tests.FooterPageTest@77e9807f]" name="verifySubTitle" duration-ms="94" started-at="2021-08-21T20:44:51 IST" finished-at="2021-08-21T20:44:51 IST">
          <reporter-output>
          </reporter-output>
        </test-method> <!-- verifySubTitle -->
        <test-method status="PASS" signature="closeSetup()[pri:0, instance:com.thirtybees.tests.FooterPageTest@77e9807f]" name="closeSetup" is-config="true" duration-ms="97" started-at="2021-08-21T20:44:51 IST" finished-at="2021-08-21T20:44:51 IST">
          <reporter-output>
          </reporter-output>
        </test-method> <!-- closeSetup -->
        <test-method status="PASS" signature="setUp()[pri:0, instance:com.thirtybees.tests.FooterPageTest@77e9807f]" name="setUp" is-config="true" duration-ms="3302" started-at="2021-08-21T20:44:51 IST" finished-at="2021-08-21T20:44:55 IST">
          <reporter-output>
          </reporter-output>
        </test-method> <!-- setUp -->
        <test-method status="PASS" signature="verifyfooterTitle()[pri:0, instance:com.thirtybees.tests.FooterPageTest@77e9807f]" name="verifyfooterTitle" duration-ms="84" started-at="2021-08-21T20:44:55 IST" finished-at="2021-08-21T20:44:55 IST">
          <reporter-output>
          </reporter-output>
        </test-method> <!-- verifyfooterTitle -->
        <test-method status="PASS" signature="closeSetup()[pri:0, instance:com.thirtybees.tests.FooterPageTest@77e9807f]" name="closeSetup" is-config="true" duration-ms="91" started-at="2021-08-21T20:44:55 IST" finished-at="2021-08-21T20:44:55 IST">
          <reporter-output>
          </reporter-output>
        </test-method> <!-- closeSetup -->
      </class> <!-- com.thirtybees.tests.FooterPageTest -->
    </test> <!-- Default test -->
  </suite> <!-- Default suite -->
</testng-results>
